<?xml version="1.0" encoding="utf-8"?><testsuites name="pytest tests"><testsuite name="pytest" errors="0" failures="0" skipped="0" tests="25" time="22.566" timestamp="2026-09-19T15:08:47.260836+00:00" hostname="agent-env-20b8e553-31ec-41d5-951d-5d7748c7855d"><testcase classname="tests.dka_test.TestDkaListing" name="test_list" time="0.318" /><testcase classname="tests.dka_test.TestDkaAIJobFlow" name="test_upload_dka_standard_image" time="0.645" /><testcase classname="tests.dka_test.TestDkaListing" name="test_search_by_batch" time="0.063" /><testcase classname="tests.dka_test.TestDkaListing" name="test_search_by_sample_id" time="0.060" /><testcase classname="tests.dka_test.TestDkaListing" name="test_search_no_match" time="0.061" /><testcase classname="tests.dka_test.TestDkaListing" name="test_get_by_id" time="0.121" /><testcase classname="tests.dka_test.TestDkaListing" name="test_get_invalid_id" time="0.062" /><testcase classname="tests.dka_test.TestDkaAIJobFlow" name="test_start_missing_image_404" time="0.453" /><testcase classname="tests.dka_test.TestDkaManualCorrection" name="test_put_rating_aspect3" time="0.126" /><testcase classname="tests.dka_test.TestDkaManualCorrection" name="test_put_sample_id_update" time="0.123" /><testcase classname="tests.dka_test.TestDkaManualCorrection" name="test_put_persists_via_get" time="0.191" /><testcase classname="tests.dka_test.TestDkaAIJobFlow" name="test_unknown_job_404" time="0.079" /><testcase classname="tests.dka_test.TestDkaManualCorrection" name="test_put_missing_returns_404" time="0.058" /><testcase classname="tests.dka_test.TestDkaAIJobFlow" name="test_start_job" time="0.250" /><testcase classname="tests.dka_test.TestPriorModulesRegression" name="test_kht_dashboard" time="0.070" /><testcase classname="tests.dka_test.TestPriorModulesRegression" name="test_kht_tests" time="0.062" /><testcase classname="tests.dka_test.TestPriorModulesRegression" name="test_copper_dashboard" time="0.061" /><testcase classname="tests.dka_test.TestPriorModulesRegression" name="test_copper_tests" time="0.057" /><testcase classname="tests.dka_test.TestDkaAIJobFlow" name="test_poll_job" time="20.350" /><testcase classname="tests.dka_test.TestDkaDashboard" name="test_dashboard" time="0.059" /><testcase classname="tests.dka_test.TestDkaTrend" name="test_trend" time="0.062" /><testcase classname="tests.dka_test.TestDkaReferenceScale" name="test_reference_scale" time="0.089" /><testcase classname="tests.dka_test.TestDkaSoftDelete" name="test_delete_invalid" time="0.060" /><testcase classname="tests.dka_test.TestDkaAIJobFlow" name="test_record_is_valid" time="0.309" /><testcase classname="tests.dka_test.TestDkaAIJobFlow" name="test_zz_cleanup" time="0.143" /></testsuite></testsuites>