<?xml version="1.0" encoding="utf-8"?><testsuites name="pytest tests"><testsuite name="pytest" errors="0" failures="2" skipped="0" tests="24" time="11.024" timestamp="2026-09-19T11:12:45.861499+00:00" hostname="agent-env-20b8e553-31ec-41d5-951d-5d7748c7855d"><testcase classname="tests.backend_test.TestCopperAIJobFlow" name="test_upload_and_start_job" time="0.720" /><testcase classname="tests.backend_test.TestCopperListing" name="test_copper_list" time="0.308" /><testcase classname="tests.backend_test.TestCopperListing" name="test_copper_search_by_sample" time="0.062" /><testcase classname="tests.backend_test.TestCopperListing" name="test_copper_search_by_product" time="0.058" /><testcase classname="tests.backend_test.TestCopperListing" name="test_copper_search_no_match" time="0.099" /><testcase classname="tests.backend_test.TestCopperListing" name="test_copper_get_by_id" time="0.116" /><testcase classname="tests.backend_test.TestCopperListing" name="test_copper_get_invalid_id" time="0.061" /><testcase classname="tests.backend_test.TestKHTRegression" name="test_kht_dashboard" time="0.061" /><testcase classname="tests.backend_test.TestCopperAIJobFlow" name="test_poll_copper_job" time="9.178" /><testcase classname="tests.backend_test.TestKHTRegression" name="test_kht_tests_list" time="0.300" /><testcase classname="tests.backend_test.TestKHTRegression" name="test_kht_trend" time="0.058" /><testcase classname="tests.backend_test.TestKHTRegression" name="test_kht_color_scale" time="0.099" /><testcase classname="tests.backend_test.TestCopperManualCorrection" name="test_put_classification_4b_recomputes_all_fields" time="0.120" /><testcase classname="tests.backend_test.TestCopperManualCorrection" name="test_put_classification_1a_sets_clear" time="0.119" /><testcase classname="tests.backend_test.TestCopperManualCorrection" name="test_put_persists_via_get" time="0.179" /><testcase classname="tests.backend_test.TestCopperSoftDelete" name="test_soft_delete_flow" time="0.236" /><testcase classname="tests.backend_test.TestCopperSoftDelete" name="test_delete_invalid" time="0.059" /><testcase classname="tests.backend_test.TestCopperDashboard" name="test_copper_dashboard" time="0.060"><failure message="AssertionError: expected 4 seeded copper records, got 3&#10;assert 3 &gt;= 4">backend/tests/backend_test.py:97: in test_copper_dashboard
    assert d["total"] &gt;= 4, f"expected 4 seeded copper records, got {d['total']}"
E   AssertionError: expected 4 seeded copper records, got 3
E   assert 3 &gt;= 4</failure></testcase><testcase classname="tests.backend_test.TestCopperTrend" name="test_copper_trend" time="0.060"><failure message="AssertionError: assert (True and 3 &gt;= 4)&#10; +  where True = isinstance([{'id': 'c0b417b4-80c7-44a2-b42a-fce2d9d2e99b', 'classification': '2c', 'severity': 5.0, 'status': 'TARNISH', ...}, {'id': '5473c478-b38f-4420-9a3e-f86e7b9cfdc9', 'classification': '1b', 'severity': 2.0, 'status': 'CLEAR', ...}, {'id': '2c3b276c-67c6-41f8-bc7a-81dc664a9bf4', 'classification': '2c', 'severity': 5.0, 'status': 'TARNISH', ...}], list)&#10; +  and   3 = len([{'id': 'c0b417b4-80c7-44a2-b42a-fce2d9d2e99b', 'classification': '2c', 'severity': 5.0, 'status': 'TARNISH', ...}, {'id': '5473c478-b38f-4420-9a3e-f86e7b9cfdc9', 'classification': '1b', 'severity': 2.0, 'status': 'CLEAR', ...}, {'id': '2c3b276c-67c6-41f8-bc7a-81dc664a9bf4', 'classification': '2c', 'severity': 5.0, 'status': 'TARNISH', ...}])">backend/tests/backend_test.py:154: in test_copper_trend
    assert isinstance(pts, list) and len(pts) &gt;= 4
E   AssertionError: assert (True and 3 &gt;= 4)
E    +  where True = isinstance([{'id': 'c0b417b4-80c7-44a2-b42a-fce2d9d2e99b', 'classification': '2c', 'severity': 5.0, 'status': 'TARNISH', ...}, {'id': '5473c478-b38f-4420-9a3e-f86e7b9cfdc9', 'classification': '1b', 'severity': 2.0, 'status': 'CLEAR', ...}, {'id': '2c3b276c-67c6-41f8-bc7a-81dc664a9bf4', 'classification': '2c', 'severity': 5.0, 'status': 'TARNISH', ...}], list)
E    +  and   3 = len([{'id': 'c0b417b4-80c7-44a2-b42a-fce2d9d2e99b', 'classification': '2c', 'severity': 5.0, 'status': 'TARNISH', ...}, {'id': '5473c478-b38f-4420-9a3e-f86e7b9cfdc9', 'classification': '1b', 'severity': 2.0, 'status': 'CLEAR', ...}, {'id': '2c3b276c-67c6-41f8-bc7a-81dc664a9bf4', 'classification': '2c', 'severity': 5.0, 'status': 'TARNISH', ...}])</failure></testcase><testcase classname="tests.backend_test.TestCopperReferenceScale" name="test_reference_scale" time="0.065" /><testcase classname="tests.backend_test.TestCopperAIJobFlow" name="test_copper_record_is_valid" time="0.062" /><testcase classname="tests.backend_test.TestCopperAIJobFlow" name="test_start_missing_image_404" time="0.488" /><testcase classname="tests.backend_test.TestCopperAIJobFlow" name="test_unknown_job_404" time="0.057" /><testcase classname="tests.backend_test.TestCopperAIJobFlow" name="test_zz_cleanup_copper_record" time="0.135" /></testsuite></testsuites>